<?xml version="1.0" encoding="UTF-8"?>
<!-- Generated by org.testng.reporters.JUnitReportReporter -->
<testsuite skipped="0" hostname="TY-MF-050" name="appiumDemoPro.ByjusTest" tests="1" failures="0" timestamp="24 Mar 2018 07:12:29 GMT" time="301.087" errors="0">
  <testcase name="byjusPocTest" time="301.087" classname="appiumDemoPro.ByjusTest"/>
</testsuite> <!-- appiumDemoPro.ByjusTest -->
